<?xml version="1.0" encoding="UTF-8"?>
<!-- Generated by org.testng.reporters.JUnitReportReporter -->
<testsuite hostname="sailu" failures="0" tests="4" name="tests.TestExample" time="7.715" errors="0" timestamp="2023-05-04T20:19:17 IST" skipped="0">
  <testcase classname="tests.TestExample" name="validate_api" time="4.572"/>
  <system-out/>
  <testcase classname="tests.TestExample" name="create_user" time="0.685"/>
  <system-out/>
  <testcase classname="tests.TestExample" name="updateuser" time="0.383"/>
  <system-out/>
  <testcase classname="tests.TestExample" name="deleteuser" time="2.075"/>
  <system-out/>
</testsuite> <!-- tests.TestExample -->
